<?xml version="1.0" encoding="UTF-8"?>
<!-- Generated by org.testng.reporters.JUnitReportReporter -->
<testsuite hostname="DESKTOP-4VO602L" failures="0" tests="1" name="API_Script.Demo1_GET_Request" time="2.833" errors="0" timestamp="2022-12-20T16:19:24 IST" skipped="0">
  <testcase classname="API_Script.Demo1_GET_Request" name="getWeatherDetails" time="2.833"/>
  <system-out/>
</testsuite> <!-- API_Script.Demo1_GET_Request -->
